make kernel
make[1]: Entering directory '/home/melvin/Programmering/OS'
make -C /home/melvin/Programmering/OS/sysroot/kernel 
make[2]: Entering directory '/home/melvin/Programmering/OS/sysroot/kernel'
cd /home/melvin/Programmering/OS/sysroot/kernel/i686 && \
nasm -f elf program.s -o boot.o && \
mv boot.o /home/melvin/Programmering/OS/sysroot/kernel/build/boot.o && \
cd -
print.inc:54: warning: label alone on a line without a colon might be in error [-w+label-orphan]
program.s:15: warning: label alone on a line without a colon might be in error [-w+label-orphan]
/home/melvin/Programmering/OS/sysroot/kernel
/home/melvin/opt/cross2/bin/i686-elf-gcc -O0 -std=gnu99 -ffreestanding -mno-red-zone -Wall -Wextra -I /home/melvin/Programmering/OS/sysroot/kernel/include -I /home/melvin/Programmering/OS/sysroot/lib/include  -c main.c -o /home/melvin/Programmering/OS/sysroot/kernel/build/kernel1.o
/home/melvin/opt/cross2/bin/i686-elf-gcc -O0 -std=gnu99 -ffreestanding -mno-red-zone -Wall -Wextra -I /home/melvin/Programmering/OS/sysroot/kernel/include -I /home/melvin/Programmering/OS/sysroot/lib/include  -c interrupt.c -o /home/melvin/Programmering/OS/sysroot/kernel/build/interrupt.o
/home/melvin/opt/cross2/bin/i686-elf-gcc -O0 -std=gnu99 -ffreestanding -mno-red-zone -Wall -Wextra -I /home/melvin/Programmering/OS/sysroot/kernel/include -I /home/melvin/Programmering/OS/sysroot/lib/include  -c registers.c -o /home/melvin/Programmering/OS/sysroot/kernel/build/registers.o
/home/melvin/opt/cross2/bin/i686-elf-gcc -O0 -std=gnu99 -ffreestanding -mno-red-zone -Wall -Wextra -I /home/melvin/Programmering/OS/sysroot/kernel/include -I /home/melvin/Programmering/OS/sysroot/lib/include  -c apic.c -o /home/melvin/Programmering/OS/sysroot/kernel/build/apic.o
/home/melvin/opt/cross2/bin/i686-elf-gcc -O0 -std=gnu99 -ffreestanding -mno-red-zone -Wall -Wextra -I /home/melvin/Programmering/OS/sysroot/kernel/include -I /home/melvin/Programmering/OS/sysroot/lib/include  -c pci.c -o /home/melvin/Programmering/OS/sysroot/kernel/build/pci.o
/home/melvin/opt/cross2/bin/i686-elf-gcc -O0 -std=gnu99 -ffreestanding -mno-red-zone -Wall -Wextra -I /home/melvin/Programmering/OS/sysroot/kernel/include -I /home/melvin/Programmering/OS/sysroot/lib/include  -c xhcd.c -o /home/melvin/Programmering/OS/sysroot/kernel/build/xhcd.o
xhcd.c: In function 'putEnableSlotCommand':
xhcd.c:177:39: warning: unused parameter 'xhci' [-Wunused-parameter]
  177 | static int putEnableSlotCommand(Xhci *xhci){
      |                                 ~~~~~~^~~~
xhcd.c: In function 'initCommandRing':
xhcd.c:273:21: warning: initialization discards 'volatile' qualifier from pointer target type [-Wdiscarded-qualifiers]
  273 |    uint32_t *crch = &xhci->operation->commandRingControllHigh;
      |                     ^
xhcd.c:273:21: warning: taking address of packed member of 'struct <anonymous>' may result in an unaligned pointer value [-Waddress-of-packed-member]
  273 |    uint32_t *crch = &xhci->operation->commandRingControllHigh;
      |                     ^~~~~~~~~~~~~~~~~~~~~~~~~~~~~~~~~~~~~~~~~
xhcd.c:273:14: warning: unused variable 'crch' [-Wunused-variable]
  273 |    uint32_t *crch = &xhci->operation->commandRingControllHigh;
      |              ^~~~
xhcd.c:271:13: warning: unused variable 'low' [-Wunused-variable]
  271 |    uint32_t low = addr | DEFAULT_PCS;
      |             ^~~
xhcd.c: In function 'initEventRing':
xhcd.c:306:51: warning: cast from pointer to integer of different size [-Wpointer-to-int-cast]
  306 |    tempInterrupter.eventRingSegmentTableAddress = (uint64_t)eventRingSegmentTable;
      |                                                   ^
xhcd.c: At top level:
xhcd.c:191:12: warning: 'getSlotType' defined but not used [-Wunused-function]
  191 | static int getSlotType(Xhci *xhci){
      |            ^~~~~~~~~~~
/home/melvin/opt/cross2/bin/i686-elf-gcc -T linker.ld -nostdlib -lgcc -ffreestanding -O0 -r /home/melvin/Programmering/OS/sysroot/kernel/build/boot.o /home/melvin/Programmering/OS/sysroot/kernel/build/kernel1.o /home/melvin/Programmering/OS/sysroot/kernel/build/interrupt.o /home/melvin/Programmering/OS/sysroot/kernel/build/registers.o /home/melvin/Programmering/OS/sysroot/kernel/build/apic.o /home/melvin/Programmering/OS/sysroot/kernel/build/pci.o /home/melvin/Programmering/OS/sysroot/kernel/build/xhcd.o -o /home/melvin/Programmering/OS/sysroot/kernel/build/kernel.out
make[2]: Leaving directory '/home/melvin/Programmering/OS/sysroot/kernel'
make[1]: Leaving directory '/home/melvin/Programmering/OS'
make lib
make[1]: Entering directory '/home/melvin/Programmering/OS'
make -C /home/melvin/Programmering/OS/sysroot/lib
make[2]: Entering directory '/home/melvin/Programmering/OS/sysroot/lib'
/home/melvin/opt/cross2/bin/i686-elf-gcc -O2 -std=gnu99 -ffreestanding -mno-red-zone -Wall -Wextra -I /home/melvin/Programmering/OS/sysroot/lib/include -c stdio/stdio.c -o /home/melvin/Programmering/OS/sysroot/lib/build/stdio.o
/home/melvin/opt/cross2/bin/i686-elf-gcc -O2 -std=gnu99 -ffreestanding -mno-red-zone -Wall -Wextra -I /home/melvin/Programmering/OS/sysroot/lib/include -c stdlib/stdlib.c -o /home/melvin/Programmering/OS/sysroot/lib/build/stdlib.o
/home/melvin/opt/cross2/bin/i686-elf-gcc -O2 -std=gnu99 -ffreestanding -mno-red-zone -Wall -Wextra -I /home/melvin/Programmering/OS/sysroot/lib/include -c string/string.c -o /home/melvin/Programmering/OS/sysroot/lib/build/string.o
/home/melvin/opt/cross2/bin/i686-elf-gcc -nostdlib -lgcc -ffreestanding -O2 -r /home/melvin/Programmering/OS/sysroot/lib/build/stdio.o /home/melvin/Programmering/OS/sysroot/lib/build/stdlib.o /home/melvin/Programmering/OS/sysroot/lib/build/string.o -o /home/melvin/Programmering/OS/sysroot/lib/build/lib.out
make[2]: Leaving directory '/home/melvin/Programmering/OS/sysroot/lib'
make[1]: Leaving directory '/home/melvin/Programmering/OS'
/home/melvin/opt/cross2/bin/i686-elf-gcc -T /home/melvin/Programmering/OS/linker.ld /home/melvin/Programmering/OS/sysroot/kernel/build/kernel.out /home/melvin/Programmering/OS/sysroot/lib/build/lib.out -nostdlib -lgcc -ffreestanding -O0  -o /home/melvin/Programmering/OS/build/os.elf
/home/melvin/opt/cross2/lib/gcc/i686-elf/12.1.0/../../../../i686-elf/bin/ld: warning: /home/melvin/Programmering/OS/build/os.elf has a LOAD segment with RWX permissions
objcopy -O binary /home/melvin/Programmering/OS/build/os.elf /home/melvin/Programmering/OS/build/os.bin
18+1 records in
18+1 records out
9325 bytes (9,3 kB, 9,1 KiB) copied, 0,00019627 s, 47,5 MB/s
WARNING: Image format was not specified for 'build/os.bin' and probing guessed raw.
         Automatically detecting the format is dangerous for raw images, write operations on block 0 will be restricted.
         Specify the 'raw' format explicitly to remove the restrictions.
usb_xhci_reset === RESET ===
usb_xhci_slot_disable slotid 1
usb_xhci_slot_disable slotid 2
usb_xhci_slot_disable slotid 3
usb_xhci_slot_disable slotid 4
usb_xhci_slot_disable slotid 5
usb_xhci_slot_disable slotid 6
usb_xhci_slot_disable slotid 7
usb_xhci_slot_disable slotid 8
usb_xhci_slot_disable slotid 9
usb_xhci_slot_disable slotid 10
usb_xhci_slot_disable slotid 11
usb_xhci_slot_disable slotid 12
usb_xhci_slot_disable slotid 13
usb_xhci_slot_disable slotid 14
usb_xhci_slot_disable slotid 15
usb_xhci_slot_disable slotid 16
usb_xhci_slot_disable slotid 17
usb_xhci_slot_disable slotid 18
usb_xhci_slot_disable slotid 19
usb_xhci_slot_disable slotid 20
usb_xhci_slot_disable slotid 21
usb_xhci_slot_disable slotid 22
usb_xhci_slot_disable slotid 23
usb_xhci_slot_disable slotid 24
usb_xhci_slot_disable slotid 25
usb_xhci_slot_disable slotid 26
usb_xhci_slot_disable slotid 27
usb_xhci_slot_disable slotid 28
usb_xhci_slot_disable slotid 29
usb_xhci_slot_disable slotid 30
usb_xhci_slot_disable slotid 31
usb_xhci_slot_disable slotid 32
usb_xhci_slot_disable slotid 33
usb_xhci_slot_disable slotid 34
usb_xhci_slot_disable slotid 35
usb_xhci_slot_disable slotid 36
usb_xhci_slot_disable slotid 37
usb_xhci_slot_disable slotid 38
usb_xhci_slot_disable slotid 39
usb_xhci_slot_disable slotid 40
usb_xhci_slot_disable slotid 41
usb_xhci_slot_disable slotid 42
usb_xhci_slot_disable slotid 43
usb_xhci_slot_disable slotid 44
usb_xhci_slot_disable slotid 45
usb_xhci_slot_disable slotid 46
usb_xhci_slot_disable slotid 47
usb_xhci_slot_disable slotid 48
usb_xhci_slot_disable slotid 49
usb_xhci_slot_disable slotid 50
usb_xhci_slot_disable slotid 51
usb_xhci_slot_disable slotid 52
usb_xhci_slot_disable slotid 53
usb_xhci_slot_disable slotid 54
usb_xhci_slot_disable slotid 55
usb_xhci_slot_disable slotid 56
usb_xhci_slot_disable slotid 57
usb_xhci_slot_disable slotid 58
usb_xhci_slot_disable slotid 59
usb_xhci_slot_disable slotid 60
usb_xhci_slot_disable slotid 61
usb_xhci_slot_disable slotid 62
usb_xhci_slot_disable slotid 63
usb_xhci_slot_disable slotid 64
usb_xhci_port_link port 1, pls 5
usb_xhci_port_notify port 1, bits 0x20000
usb_xhci_port_link port 2, pls 5
usb_xhci_port_notify port 2, bits 0x20000
usb_xhci_port_link port 3, pls 5
usb_xhci_port_notify port 3, bits 0x20000
usb_xhci_port_link port 4, pls 5
usb_xhci_port_notify port 4, bits 0x20000
usb_xhci_port_link port 5, pls 5
usb_xhci_port_notify port 5, bits 0x20000
usb_xhci_port_link port 6, pls 5
usb_xhci_port_notify port 6, bits 0x20000
usb_xhci_port_link port 7, pls 5
usb_xhci_port_notify port 7, bits 0x20000
usb_xhci_port_link port 8, pls 5
usb_xhci_port_notify port 8, bits 0x20000
usb_xhci_cap_read off 0x0000, ret 0x01000040
usb_xhci_cap_read off 0x0000, ret 0x01000040
usb_xhci_cap_read off 0x0014, ret 0x00002000
usb_xhci_cap_read off 0x0018, ret 0x00001000
usb_xhci_cap_read off 0x0004, ret 0x08001040
usb_xhci_cap_read off 0x0010, ret 0x00087001
usb_xhci_cap_read off 0x0020, ret 0x02000402
usb_xhci_cap_read off 0x0024, ret 0x20425355
usb_xhci_cap_read off 0x0028, ret 0x00000405
usb_xhci_cap_read off 0x0030, ret 0x03000002
usb_xhci_cap_read off 0x0034, ret 0x20425355
usb_xhci_cap_read off 0x0038, ret 0x00000401
usb_xhci_oper_read off 0x0008, ret 0x00000001
usb_xhci_oper_read off 0x0000, ret 0x00000000
usb_xhci_oper_write off 0x0000, val 0x00000002
usb_xhci_reset === RESET ===
usb_xhci_slot_disable slotid 1
usb_xhci_slot_disable slotid 2
usb_xhci_slot_disable slotid 3
usb_xhci_slot_disable slotid 4
usb_xhci_slot_disable slotid 5
usb_xhci_slot_disable slotid 6
usb_xhci_slot_disable slotid 7
usb_xhci_slot_disable slotid 8
usb_xhci_slot_disable slotid 9
usb_xhci_slot_disable slotid 10
usb_xhci_slot_disable slotid 11
usb_xhci_slot_disable slotid 12
usb_xhci_slot_disable slotid 13
usb_xhci_slot_disable slotid 14
usb_xhci_slot_disable slotid 15
usb_xhci_slot_disable slotid 16
usb_xhci_slot_disable slotid 17
usb_xhci_slot_disable slotid 18
usb_xhci_slot_disable slotid 19
usb_xhci_slot_disable slotid 20
usb_xhci_slot_disable slotid 21
usb_xhci_slot_disable slotid 22
usb_xhci_slot_disable slotid 23
usb_xhci_slot_disable slotid 24
usb_xhci_slot_disable slotid 25
usb_xhci_slot_disable slotid 26
usb_xhci_slot_disable slotid 27
usb_xhci_slot_disable slotid 28
usb_xhci_slot_disable slotid 29
usb_xhci_slot_disable slotid 30
usb_xhci_slot_disable slotid 31
usb_xhci_slot_disable slotid 32
usb_xhci_slot_disable slotid 33
usb_xhci_slot_disable slotid 34
usb_xhci_slot_disable slotid 35
usb_xhci_slot_disable slotid 36
usb_xhci_slot_disable slotid 37
usb_xhci_slot_disable slotid 38
usb_xhci_slot_disable slotid 39
usb_xhci_slot_disable slotid 40
usb_xhci_slot_disable slotid 41
usb_xhci_slot_disable slotid 42
usb_xhci_slot_disable slotid 43
usb_xhci_slot_disable slotid 44
usb_xhci_slot_disable slotid 45
usb_xhci_slot_disable slotid 46
usb_xhci_slot_disable slotid 47
usb_xhci_slot_disable slotid 48
usb_xhci_slot_disable slotid 49
usb_xhci_slot_disable slotid 50
usb_xhci_slot_disable slotid 51
usb_xhci_slot_disable slotid 52
usb_xhci_slot_disable slotid 53
usb_xhci_slot_disable slotid 54
usb_xhci_slot_disable slotid 55
usb_xhci_slot_disable slotid 56
usb_xhci_slot_disable slotid 57
usb_xhci_slot_disable slotid 58
usb_xhci_slot_disable slotid 59
usb_xhci_slot_disable slotid 60
usb_xhci_slot_disable slotid 61
usb_xhci_slot_disable slotid 62
usb_xhci_slot_disable slotid 63
usb_xhci_slot_disable slotid 64
usb_xhci_port_link port 1, pls 5
usb_xhci_port_notify port 1, bits 0x20000
usb_xhci_port_link port 2, pls 5
usb_xhci_port_notify port 2, bits 0x20000
usb_xhci_port_link port 3, pls 5
usb_xhci_port_notify port 3, bits 0x20000
usb_xhci_port_link port 4, pls 5
usb_xhci_port_notify port 4, bits 0x20000
usb_xhci_port_link port 5, pls 5
usb_xhci_port_notify port 5, bits 0x20000
usb_xhci_port_link port 6, pls 5
usb_xhci_port_notify port 6, bits 0x20000
usb_xhci_port_link port 7, pls 5
usb_xhci_port_notify port 7, bits 0x20000
usb_xhci_port_link port 8, pls 5
usb_xhci_port_notify port 8, bits 0x20000
usb_xhci_oper_read off 0x0000, ret 0x00000000
usb_xhci_oper_read off 0x0004, ret 0x00000001
usb_xhci_oper_write off 0x0038, val 0x00000040
usb_xhci_oper_write off 0x0030, val 0xbffdfd80
usb_xhci_oper_write off 0x0034, val 0x00000000
usb_xhci_oper_write off 0x0018, val 0xbffdfc01
usb_xhci_oper_write off 0x001c, val 0x00000000
usb_xhci_runtime_write off 0x0028, val 0x00000001
usb_xhci_runtime_write off 0x0038, val 0xbffdfa00
usb_xhci_runtime_write off 0x003c, val 0x00000000
usb_xhci_runtime_write off 0x0030, val 0xbffdfd40
usb_xhci_runtime_write off 0x0034, val 0x00000000
usb_xhci_cap_read off 0x0008, ret 0x0000000f
usb_xhci_oper_read off 0x0000, ret 0x00000000
usb_xhci_oper_write off 0x0000, val 0x00000001
usb_xhci_run 
usb_xhci_port_read port 1, off 0x0000, ret 0x000202a0
usb_xhci_port_read port 2, off 0x0000, ret 0x000202a0
usb_xhci_port_read port 3, off 0x0000, ret 0x000202a0
usb_xhci_port_read port 4, off 0x0000, ret 0x000202a0
usb_xhci_port_read port 5, off 0x0000, ret 0x000202a0
usb_xhci_port_read port 6, off 0x0000, ret 0x000202a0
usb_xhci_port_read port 7, off 0x0000, ret 0x000202a0
usb_xhci_port_read port 8, off 0x0000, ret 0x000202a0
usb_xhci_port_read port 1, off 0x0000, ret 0x000202a0
usb_xhci_port_read port 2, off 0x0000, ret 0x000202a0
usb_xhci_port_read port 3, off 0x0000, ret 0x000202a0
usb_xhci_port_read port 4, off 0x0000, ret 0x000202a0
usb_xhci_port_read port 5, off 0x0000, ret 0x000202a0
usb_xhci_port_read port 6, off 0x0000, ret 0x000202a0
usb_xhci_port_read port 7, off 0x0000, ret 0x000202a0
usb_xhci_port_read port 8, off 0x0000, ret 0x000202a0
usb_xhci_port_read port 1, off 0x0000, ret 0x000202a0
usb_xhci_port_read port 3, off 0x0000, ret 0x000202a0
usb_xhci_port_read port 2, off 0x0000, ret 0x000202a0
usb_xhci_port_read port 4, off 0x0000, ret 0x000202a0
usb_xhci_port_read port 5, off 0x0000, ret 0x000202a0
usb_xhci_port_read port 6, off 0x0000, ret 0x000202a0
usb_xhci_port_read port 7, off 0x0000, ret 0x000202a0
usb_xhci_port_read port 8, off 0x0000, ret 0x000202a0
usb_xhci_port_read port 1, off 0x0000, ret 0x000202a0
usb_xhci_port_read port 3, off 0x0000, ret 0x000202a0
usb_xhci_port_read port 2, off 0x0000, ret 0x000202a0
usb_xhci_port_read port 4, off 0x0000, ret 0x000202a0
usb_xhci_port_read port 5, off 0x0000, ret 0x000202a0
usb_xhci_port_read port 6, off 0x0000, ret 0x000202a0
usb_xhci_port_read port 7, off 0x0000, ret 0x000202a0
usb_xhci_port_read port 8, off 0x0000, ret 0x000202a0
usb_xhci_port_read port 1, off 0x0000, ret 0x000202a0
usb_xhci_port_read port 3, off 0x0000, ret 0x000202a0
usb_xhci_port_read port 2, off 0x0000, ret 0x000202a0
usb_xhci_port_read port 4, off 0x0000, ret 0x000202a0
usb_xhci_port_read port 5, off 0x0000, ret 0x000202a0
usb_xhci_port_read port 6, off 0x0000, ret 0x000202a0
usb_xhci_port_read port 7, off 0x0000, ret 0x000202a0
usb_xhci_port_read port 8, off 0x0000, ret 0x000202a0
usb_xhci_port_read port 1, off 0x0000, ret 0x000202a0
usb_xhci_port_read port 3, off 0x0000, ret 0x000202a0
usb_xhci_port_read port 2, off 0x0000, ret 0x000202a0
usb_xhci_port_read port 4, off 0x0000, ret 0x000202a0
usb_xhci_port_read port 5, off 0x0000, ret 0x000202a0
usb_xhci_port_read port 6, off 0x0000, ret 0x000202a0
usb_xhci_port_read port 7, off 0x0000, ret 0x000202a0
usb_xhci_port_read port 8, off 0x0000, ret 0x000202a0
usb_xhci_port_read port 1, off 0x0000, ret 0x000202a0
usb_xhci_port_read port 3, off 0x0000, ret 0x000202a0
usb_xhci_port_read port 2, off 0x0000, ret 0x000202a0
usb_xhci_port_read port 4, off 0x0000, ret 0x000202a0
usb_xhci_port_read port 5, off 0x0000, ret 0x000202a0
usb_xhci_port_read port 6, off 0x0000, ret 0x000202a0
usb_xhci_port_read port 7, off 0x0000, ret 0x000202a0
usb_xhci_port_read port 8, off 0x0000, ret 0x000202a0
usb_xhci_port_read port 1, off 0x0000, ret 0x000202a0
usb_xhci_port_read port 3, off 0x0000, ret 0x000202a0
usb_xhci_port_read port 2, off 0x0000, ret 0x000202a0
usb_xhci_port_read port 4, off 0x0000, ret 0x000202a0
usb_xhci_port_read port 5, off 0x0000, ret 0x000202a0
usb_xhci_port_read port 6, off 0x0000, ret 0x000202a0
usb_xhci_port_read port 7, off 0x0000, ret 0x000202a0
usb_xhci_port_read port 8, off 0x0000, ret 0x000202a0
usb_xhci_port_read port 8, off 0x0000, ret 0x000202a0
usb_xhci_port_read port 7, off 0x0000, ret 0x000202a0
usb_xhci_port_read port 6, off 0x0000, ret 0x000202a0
usb_xhci_port_read port 5, off 0x0000, ret 0x000202a0
usb_xhci_port_read port 4, off 0x0000, ret 0x000202a0
usb_xhci_port_read port 3, off 0x0000, ret 0x000202a0
usb_xhci_port_read port 2, off 0x0000, ret 0x000202a0
usb_xhci_port_read port 1, off 0x0000, ret 0x000202a0
usb_xhci_port_read port 8, off 0x0000, ret 0x000202a0
usb_xhci_port_read port 7, off 0x0000, ret 0x000202a0
usb_xhci_port_read port 6, off 0x0000, ret 0x000202a0
usb_xhci_port_read port 5, off 0x0000, ret 0x000202a0
usb_xhci_port_read port 4, off 0x0000, ret 0x000202a0
usb_xhci_port_read port 3, off 0x0000, ret 0x000202a0
usb_xhci_port_read port 2, off 0x0000, ret 0x000202a0
usb_xhci_port_read port 1, off 0x0000, ret 0x000202a0
usb_xhci_port_read port 8, off 0x0000, ret 0x000202a0
usb_xhci_port_read port 7, off 0x0000, ret 0x000202a0
usb_xhci_port_read port 6, off 0x0000, ret 0x000202a0
usb_xhci_port_read port 5, off 0x0000, ret 0x000202a0
usb_xhci_port_read port 4, off 0x0000, ret 0x000202a0
usb_xhci_port_read port 3, off 0x0000, ret 0x000202a0
usb_xhci_port_read port 2, off 0x0000, ret 0x000202a0
usb_xhci_port_read port 1, off 0x0000, ret 0x000202a0
usb_xhci_port_read port 8, off 0x0000, ret 0x000202a0
usb_xhci_port_read port 7, off 0x0000, ret 0x000202a0
usb_xhci_port_read port 6, off 0x0000, ret 0x000202a0
usb_xhci_port_read port 5, off 0x0000, ret 0x000202a0
usb_xhci_port_read port 4, off 0x0000, ret 0x000202a0
usb_xhci_port_read port 3, off 0x0000, ret 0x000202a0
usb_xhci_port_read port 2, off 0x0000, ret 0x000202a0
usb_xhci_port_read port 1, off 0x0000, ret 0x000202a0
usb_xhci_port_read port 8, off 0x0000, ret 0x000202a0
usb_xhci_port_read port 7, off 0x0000, ret 0x000202a0
usb_xhci_port_read port 6, off 0x0000, ret 0x000202a0
usb_xhci_port_read port 5, off 0x0000, ret 0x000202a0
usb_xhci_port_read port 4, off 0x0000, ret 0x000202a0
usb_xhci_port_read port 3, off 0x0000, ret 0x000202a0
usb_xhci_port_read port 2, off 0x0000, ret 0x000202a0
usb_xhci_port_read port 1, off 0x0000, ret 0x000202a0
usb_xhci_port_read port 8, off 0x0000, ret 0x000202a0
usb_xhci_port_read port 7, off 0x0000, ret 0x000202a0
usb_xhci_port_read port 6, off 0x0000, ret 0x000202a0
usb_xhci_port_read port 5, off 0x0000, ret 0x000202a0
usb_xhci_port_read port 4, off 0x0000, ret 0x000202a0
usb_xhci_port_read port 3, off 0x0000, ret 0x000202a0
usb_xhci_port_read port 2, off 0x0000, ret 0x000202a0
usb_xhci_port_read port 1, off 0x0000, ret 0x000202a0
usb_xhci_port_read port 8, off 0x0000, ret 0x000202a0
usb_xhci_port_read port 7, off 0x0000, ret 0x000202a0
usb_xhci_port_read port 6, off 0x0000, ret 0x000202a0
usb_xhci_port_read port 5, off 0x0000, ret 0x000202a0
usb_xhci_port_read port 4, off 0x0000, ret 0x000202a0
usb_xhci_port_read port 3, off 0x0000, ret 0x000202a0
usb_xhci_port_read port 2, off 0x0000, ret 0x000202a0
usb_xhci_port_read port 1, off 0x0000, ret 0x000202a0
usb_xhci_port_read port 8, off 0x0000, ret 0x000202a0
usb_xhci_port_read port 7, off 0x0000, ret 0x000202a0
usb_xhci_port_read port 6, off 0x0000, ret 0x000202a0
usb_xhci_port_read port 5, off 0x0000, ret 0x000202a0
usb_xhci_port_read port 4, off 0x0000, ret 0x000202a0
usb_xhci_port_read port 3, off 0x0000, ret 0x000202a0
usb_xhci_port_read port 2, off 0x0000, ret 0x000202a0
usb_xhci_port_read port 1, off 0x0000, ret 0x000202a0
usb_xhci_port_read port 8, off 0x0000, ret 0x000202a0
usb_xhci_port_read port 7, off 0x0000, ret 0x000202a0
usb_xhci_port_read port 6, off 0x0000, ret 0x000202a0
usb_xhci_port_read port 5, off 0x0000, ret 0x000202a0
usb_xhci_port_read port 4, off 0x0000, ret 0x000202a0
usb_xhci_port_read port 3, off 0x0000, ret 0x000202a0
usb_xhci_port_read port 2, off 0x0000, ret 0x000202a0
usb_xhci_port_read port 1, off 0x0000, ret 0x000202a0
usb_xhci_port_read port 8, off 0x0000, ret 0x000202a0
usb_xhci_port_read port 7, off 0x0000, ret 0x000202a0
usb_xhci_port_read port 6, off 0x0000, ret 0x000202a0
usb_xhci_port_read port 5, off 0x0000, ret 0x000202a0
usb_xhci_port_read port 4, off 0x0000, ret 0x000202a0
usb_xhci_port_read port 3, off 0x0000, ret 0x000202a0
usb_xhci_port_read port 2, off 0x0000, ret 0x000202a0
usb_xhci_port_read port 1, off 0x0000, ret 0x000202a0
usb_xhci_port_read port 8, off 0x0000, ret 0x000202a0
usb_xhci_port_read port 7, off 0x0000, ret 0x000202a0
usb_xhci_port_read port 6, off 0x0000, ret 0x000202a0
usb_xhci_port_read port 5, off 0x0000, ret 0x000202a0
usb_xhci_port_read port 4, off 0x0000, ret 0x000202a0
usb_xhci_port_read port 3, off 0x0000, ret 0x000202a0
usb_xhci_port_read port 2, off 0x0000, ret 0x000202a0
usb_xhci_port_read port 1, off 0x0000, ret 0x000202a0
usb_xhci_port_read port 8, off 0x0000, ret 0x000202a0
usb_xhci_port_read port 7, off 0x0000, ret 0x000202a0
usb_xhci_port_read port 6, off 0x0000, ret 0x000202a0
usb_xhci_port_read port 5, off 0x0000, ret 0x000202a0
usb_xhci_port_read port 4, off 0x0000, ret 0x000202a0
usb_xhci_port_read port 3, off 0x0000, ret 0x000202a0
usb_xhci_port_read port 2, off 0x0000, ret 0x000202a0
usb_xhci_port_read port 1, off 0x0000, ret 0x000202a0
usb_xhci_port_read port 8, off 0x0000, ret 0x000202a0
usb_xhci_port_read port 7, off 0x0000, ret 0x000202a0
usb_xhci_port_read port 6, off 0x0000, ret 0x000202a0
usb_xhci_port_read port 5, off 0x0000, ret 0x000202a0
usb_xhci_port_read port 4, off 0x0000, ret 0x000202a0
usb_xhci_port_read port 3, off 0x0000, ret 0x000202a0
usb_xhci_port_read port 2, off 0x0000, ret 0x000202a0
usb_xhci_port_read port 1, off 0x0000, ret 0x000202a0
usb_xhci_oper_read off 0x0000, ret 0x00000001
usb_xhci_oper_write off 0x0000, val 0x00000000
usb_xhci_stop 
usb_xhci_oper_read off 0x0004, ret 0x00000001
usb_xhci_cap_read off 0x0004, ret 0x08001040
usb_xhci_cap_read off 0x0018, ret 0x00001000
usb_xhci_unimplemented cap read (0x1c)
usb_xhci_cap_read off 0x001c, ret 0x00000000
usb_xhci_oper_read off 0x0008, ret 0x00000001
usb_xhci_unimplemented oper read (0x3c)
usb_xhci_oper_read off 0x003c, ret 0x00000000
usb_xhci_oper_write off 0x003c, val 0x00000010
usb_xhci_unimplemented oper write (0x3c)
usb_xhci_oper_write off 0x0034, val 0x0000a8c0
usb_xhci_oper_write off 0x0038, val 0x00000000
usb_xhci_cap_read off 0x0024, ret 0x20425355
usb_xhci_cap_read off 0x0028, ret 0x00000405
usb_xhci_cap_read off 0x002c, ret 0x00000000
usb_xhci_cap_read off 0x0030, ret 0x03000002
usb_xhci_cap_read off 0x0034, ret 0x20425355
usb_xhci_cap_read off 0x0038, ret 0x00000401
usb_xhci_cap_read off 0x003c, ret 0x00000000
usb_xhci_oper_read off 0x0000, ret 0x00000000
usb_xhci_oper_write off 0x0000, val 0x00000000
usb_xhci_cap_read off 0x000c, ret 0x00000000
usb_xhci_oper_read off 0x0004, ret 0x00000001
usb_xhci_oper_write off 0x0004, val 0x00000001
usb_xhci_oper_read off 0x0004, ret 0x00000001
usb_xhci_oper_read off 0x0008, ret 0x00000001
usb_xhci_oper_read off 0x0004, ret 0x00000001
